[ 02/01/2021 ]
#designerE.jsx
    :Made first index of "SIZE" the default size for each item container
#navBar.jsx
    :Added account container on "HOVER"
#inventory.js - Backend
    :Added 3 fiels - 1 sku 2 Material 3 Discount

[ 03/01/2021 ]
#upNavBar.jsx 
    :Reduced height
#navBar.jsx
    :Complete rework started
#footer.jsx
    :Complete rework started

[ 04/01/2021 ]
#checkout.jsx
    :Created and done some work
#designerE.jsx
    :Changed UI a bit

[ 05/01/2021 ]
#designerE.jsx
    :Infinite Scroll Added
    :Queries are defined
#navBar.jsx
    :Drop down added

[ 06/01/2021 ]
#loginRegister.jsx, #register.jsx
    :Done some basic work
